{"t":{"$date":"2021-12-11T23:32:05.208+07:00"},"s":"I",  "c":"CONTROL",  "id":23285,   "ctx":"-","msg":"Automatically disabling TLS 1.0, to force-enable TLS 1.0 specify --sslDisabledProtocols 'none'"}
{"t":{"$date":"2021-12-11T23:32:05.797+07:00"},"s":"I",  "c":"NETWORK",  "id":4915701, "ctx":"main","msg":"Initialized wire specification","attr":{"spec":{"incomingExternalClient":{"minWireVersion":0,"maxWireVersion":13},"incomingInternalClient":{"minWireVersion":0,"maxWireVersion":13},"outgoing":{"minWireVersion":0,"maxWireVersion":13},"isInternalClient":true}}}
{"t":{"$date":"2021-12-11T23:32:05.799+07:00"},"s":"W",  "c":"ASIO",     "id":22601,   "ctx":"main","msg":"No TransportLayer configured during NetworkInterface startup"}
{"t":{"$date":"2021-12-11T23:32:05.800+07:00"},"s":"I",  "c":"NETWORK",  "id":4648602, "ctx":"main","msg":"Implicit TCP FastOpen in use."}
{"t":{"$date":"2021-12-11T23:32:05.801+07:00"},"s":"W",  "c":"ASIO",     "id":22601,   "ctx":"main","msg":"No TransportLayer configured during NetworkInterface startup"}
{"t":{"$date":"2021-12-11T23:32:05.801+07:00"},"s":"W",  "c":"ASIO",     "id":22601,   "ctx":"main","msg":"No TransportLayer configured during NetworkInterface startup"}
{"t":{"$date":"2021-12-11T23:32:05.801+07:00"},"s":"I",  "c":"REPL",     "id":5123008, "ctx":"main","msg":"Successfully registered PrimaryOnlyService","attr":{"service":"TenantMigrationDonorService","ns":"config.tenantMigrationDonors"}}
{"t":{"$date":"2021-12-11T23:32:05.801+07:00"},"s":"I",  "c":"REPL",     "id":5123008, "ctx":"main","msg":"Successfully registered PrimaryOnlyService","attr":{"service":"TenantMigrationRecipientService","ns":"config.tenantMigrationRecipients"}}
{"t":{"$date":"2021-12-11T23:32:05.801+07:00"},"s":"I",  "c":"CONTROL",  "id":5945603, "ctx":"main","msg":"Multi threading initialized"}
{"t":{"$date":"2021-12-11T23:32:05.802+07:00"},"s":"I",  "c":"CONTROL",  "id":4615611, "ctx":"initandlisten","msg":"MongoDB starting","attr":{"pid":68468,"port":27020,"dbPath":"./r3","architecture":"64-bit","host":"TANG-LAPTOP"}}
{"t":{"$date":"2021-12-11T23:32:05.802+07:00"},"s":"I",  "c":"CONTROL",  "id":23398,   "ctx":"initandlisten","msg":"Target operating system minimum version","attr":{"targetMinOS":"Windows 7/Windows Server 2008 R2"}}
{"t":{"$date":"2021-12-11T23:32:05.802+07:00"},"s":"I",  "c":"CONTROL",  "id":23403,   "ctx":"initandlisten","msg":"Build Info","attr":{"buildInfo":{"version":"5.0.4","gitVersion":"62a84ede3cc9a334e8bc82160714df71e7d3a29e","modules":[],"allocator":"tcmalloc","environment":{"distmod":"windows","distarch":"x86_64","target_arch":"x86_64"}}}}
{"t":{"$date":"2021-12-11T23:32:05.802+07:00"},"s":"I",  "c":"CONTROL",  "id":51765,   "ctx":"initandlisten","msg":"Operating System","attr":{"os":{"name":"Microsoft Windows 10","version":"10.0 (build 22000)"}}}
{"t":{"$date":"2021-12-11T23:32:05.802+07:00"},"s":"I",  "c":"CONTROL",  "id":21951,   "ctx":"initandlisten","msg":"Options set by command line","attr":{"options":{"net":{"port":27020},"replication":{"replSet":"cmpos"},"storage":{"dbPath":"./r3"},"systemLog":{"destination":"file","path":"./r3.log"}}}}
{"t":{"$date":"2021-12-11T23:32:05.804+07:00"},"s":"I",  "c":"STORAGE",  "id":22270,   "ctx":"initandlisten","msg":"Storage engine to use detected by data files","attr":{"dbpath":"./r3","storageEngine":"wiredTiger"}}
{"t":{"$date":"2021-12-11T23:32:05.804+07:00"},"s":"I",  "c":"STORAGE",  "id":22315,   "ctx":"initandlisten","msg":"Opening WiredTiger","attr":{"config":"create,cache_size=9573M,session_max=33000,eviction=(threads_min=4,threads_max=4),config_base=false,statistics=(fast),log=(enabled=true,archive=true,path=journal,compressor=snappy),builtin_extension_config=(zstd=(compression_level=6)),file_manager=(close_idle_time=600,close_scan_interval=10,close_handle_minimum=250),statistics_log=(wait=0),verbose=[recovery_progress,checkpoint_progress,compact_progress],"}}
{"t":{"$date":"2021-12-11T23:32:05.831+07:00"},"s":"I",  "c":"STORAGE",  "id":22430,   "ctx":"initandlisten","msg":"WiredTiger message","attr":{"message":"[1639240325:831131][68468:140718195237232], txn-recover: [WT_VERB_RECOVERY_PROGRESS] Recovering log 2 through 3"}}
{"t":{"$date":"2021-12-11T23:32:05.910+07:00"},"s":"I",  "c":"STORAGE",  "id":22430,   "ctx":"initandlisten","msg":"WiredTiger message","attr":{"message":"[1639240325:910129][68468:140718195237232], txn-recover: [WT_VERB_RECOVERY_PROGRESS] Recovering log 3 through 3"}}
{"t":{"$date":"2021-12-11T23:32:06.032+07:00"},"s":"I",  "c":"STORAGE",  "id":22430,   "ctx":"initandlisten","msg":"WiredTiger message","attr":{"message":"[1639240326:31131][68468:140718195237232], txn-recover: [WT_VERB_RECOVERY | WT_VERB_RECOVERY_PROGRESS] Main recovery loop: starting at 2/39936 to 3/256"}}
{"t":{"$date":"2021-12-11T23:32:06.033+07:00"},"s":"I",  "c":"STORAGE",  "id":22430,   "ctx":"initandlisten","msg":"WiredTiger message","attr":{"message":"[1639240326:33131][68468:140718195237232], txn-recover: [WT_VERB_RECOVERY_PROGRESS] Recovering log 2 through 3"}}
{"t":{"$date":"2021-12-11T23:32:06.166+07:00"},"s":"I",  "c":"STORAGE",  "id":22430,   "ctx":"initandlisten","msg":"WiredTiger message","attr":{"message":"[1639240326:166129][68468:140718195237232], txn-recover: [WT_VERB_RECOVERY_PROGRESS] Recovering log 3 through 3"}}
{"t":{"$date":"2021-12-11T23:32:06.275+07:00"},"s":"I",  "c":"STORAGE",  "id":22430,   "ctx":"initandlisten","msg":"WiredTiger message","attr":{"message":"[1639240326:274129][68468:140718195237232], txn-recover: [WT_VERB_RECOVERY | WT_VERB_RECOVERY_PROGRESS] Set global recovery timestamp: (1639223831, 1)"}}
{"t":{"$date":"2021-12-11T23:32:06.275+07:00"},"s":"I",  "c":"STORAGE",  "id":22430,   "ctx":"initandlisten","msg":"WiredTiger message","attr":{"message":"[1639240326:274129][68468:140718195237232], txn-recover: [WT_VERB_RECOVERY | WT_VERB_RECOVERY_PROGRESS] Set global oldest timestamp: (1639223531, 1)"}}
{"t":{"$date":"2021-12-11T23:32:06.284+07:00"},"s":"I",  "c":"STORAGE",  "id":22430,   "ctx":"initandlisten","msg":"WiredTiger message","attr":{"message":"[1639240326:284129][68468:140718195237232], WT_SESSION.checkpoint: [WT_VERB_CHECKPOINT_PROGRESS] saving checkpoint snapshot min: 9, snapshot max: 9 snapshot count: 0, oldest timestamp: (1639223531, 1) , meta checkpoint timestamp: (1639223831, 1) base write gen: 331"}}
{"t":{"$date":"2021-12-11T23:32:06.294+07:00"},"s":"I",  "c":"STORAGE",  "id":4795906, "ctx":"initandlisten","msg":"WiredTiger opened","attr":{"durationMillis":490}}
{"t":{"$date":"2021-12-11T23:32:06.294+07:00"},"s":"I",  "c":"RECOVERY", "id":23987,   "ctx":"initandlisten","msg":"WiredTiger recoveryTimestamp","attr":{"recoveryTimestamp":{"$timestamp":{"t":1639223831,"i":1}}}}
{"t":{"$date":"2021-12-11T23:32:06.294+07:00"},"s":"I",  "c":"RECOVERY", "id":5380106, "ctx":"initandlisten","msg":"WiredTiger oldestTimestamp","attr":{"oldestTimestamp":{"$timestamp":{"t":1639223531,"i":1}}}}
{"t":{"$date":"2021-12-11T23:32:06.297+07:00"},"s":"I",  "c":"STORAGE",  "id":4366408, "ctx":"initandlisten","msg":"No table logging settings modifications are required for existing WiredTiger tables","attr":{"loggingEnabled":false}}
{"t":{"$date":"2021-12-11T23:32:06.300+07:00"},"s":"I",  "c":"STORAGE",  "id":22383,   "ctx":"initandlisten","msg":"The size storer reports that the oplog contains","attr":{"numRecords":412,"dataSize":49412}}
{"t":{"$date":"2021-12-11T23:32:06.300+07:00"},"s":"I",  "c":"STORAGE",  "id":22384,   "ctx":"initandlisten","msg":"Scanning the oplog to determine where to place markers for truncation"}
{"t":{"$date":"2021-12-11T23:32:06.302+07:00"},"s":"I",  "c":"STORAGE",  "id":22382,   "ctx":"initandlisten","msg":"WiredTiger record store oplog processing finished","attr":{"durationMillis":2}}
{"t":{"$date":"2021-12-11T23:32:06.303+07:00"},"s":"I",  "c":"STORAGE",  "id":22262,   "ctx":"initandlisten","msg":"Timestamp monitor starting"}
{"t":{"$date":"2021-12-11T23:32:06.305+07:00"},"s":"W",  "c":"CONTROL",  "id":22120,   "ctx":"initandlisten","msg":"Access control is not enabled for the database. Read and write access to data and configuration is unrestricted","tags":["startupWarnings"]}
{"t":{"$date":"2021-12-11T23:32:06.305+07:00"},"s":"W",  "c":"CONTROL",  "id":22140,   "ctx":"initandlisten","msg":"This server is bound to localhost. Remote systems will be unable to connect to this server. Start the server with --bind_ip <address> to specify which IP addresses it should serve responses from, or with --bind_ip_all to bind to all interfaces. If this behavior is desired, start the server with --bind_ip 127.0.0.1 to disable this warning","tags":["startupWarnings"]}
{"t":{"$date":"2021-12-11T23:32:06.311+07:00"},"s":"I",  "c":"NETWORK",  "id":4915702, "ctx":"initandlisten","msg":"Updated wire specification","attr":{"oldSpec":{"incomingExternalClient":{"minWireVersion":0,"maxWireVersion":13},"incomingInternalClient":{"minWireVersion":0,"maxWireVersion":13},"outgoing":{"minWireVersion":0,"maxWireVersion":13},"isInternalClient":true},"newSpec":{"incomingExternalClient":{"minWireVersion":0,"maxWireVersion":13},"incomingInternalClient":{"minWireVersion":13,"maxWireVersion":13},"outgoing":{"minWireVersion":13,"maxWireVersion":13},"isInternalClient":true}}}
{"t":{"$date":"2021-12-11T23:32:06.312+07:00"},"s":"I",  "c":"STORAGE",  "id":5071100, "ctx":"initandlisten","msg":"Clearing temp directory"}
{"t":{"$date":"2021-12-11T23:32:06.321+07:00"},"s":"I",  "c":"CONTROL",  "id":20536,   "ctx":"initandlisten","msg":"Flow Control is enabled on this deployment"}
{"t":{"$date":"2021-12-11T23:32:06.323+07:00"},"s":"I",  "c":"STORAGE",  "id":5380103, "ctx":"initandlisten","msg":"Unpin oldest timestamp request","attr":{"service":"_wt_startup","requestedTs":{"$timestamp":{"t":1639223531,"i":1}}}}
{"t":{"$date":"2021-12-11T23:32:06.327+07:00"},"s":"I",  "c":"SHARDING", "id":20997,   "ctx":"initandlisten","msg":"Refreshed RWC defaults","attr":{"newDefaults":{}}}
{"t":{"$date":"2021-12-11T23:32:06.756+07:00"},"s":"W",  "c":"FTDC",     "id":23718,   "ctx":"initandlisten","msg":"Failed to initialize Performance Counters for FTDC","attr":{"error":{"code":179,"codeName":"WindowsPdhError","errmsg":"PdhAddEnglishCounterW failed with 'The specified object was not found on the computer.'"}}}
{"t":{"$date":"2021-12-11T23:32:06.756+07:00"},"s":"I",  "c":"FTDC",     "id":20625,   "ctx":"initandlisten","msg":"Initializing full-time diagnostic data capture","attr":{"dataDirectory":"./r3/diagnostic.data"}}
{"t":{"$date":"2021-12-11T23:32:06.761+07:00"},"s":"I",  "c":"REPL",     "id":6015317, "ctx":"initandlisten","msg":"Setting new configuration state","attr":{"newState":"ConfigStartingUp","oldState":"ConfigPreStart"}}
{"t":{"$date":"2021-12-11T23:32:06.762+07:00"},"s":"I",  "c":"REPL",     "id":4280500, "ctx":"initandlisten","msg":"Attempting to create internal replication collections"}
{"t":{"$date":"2021-12-11T23:32:06.764+07:00"},"s":"I",  "c":"-",        "id":4939300, "ctx":"monitoring-keys-for-HMAC","msg":"Failed to refresh key cache","attr":{"error":"ReadConcernMajorityNotAvailableYet: Read concern majority reads are currently not possible.","nextWakeupMillis":200}}
{"t":{"$date":"2021-12-11T23:32:06.768+07:00"},"s":"I",  "c":"REPL",     "id":4280501, "ctx":"initandlisten","msg":"Attempting to load local voted for document"}
{"t":{"$date":"2021-12-11T23:32:06.768+07:00"},"s":"I",  "c":"REPL",     "id":4280502, "ctx":"initandlisten","msg":"Searching for local Rollback ID document"}
{"t":{"$date":"2021-12-11T23:32:06.772+07:00"},"s":"I",  "c":"REPL",     "id":21529,   "ctx":"initandlisten","msg":"Initializing rollback ID","attr":{"rbid":2}}
{"t":{"$date":"2021-12-11T23:32:06.772+07:00"},"s":"I",  "c":"REPL",     "id":4280504, "ctx":"initandlisten","msg":"Cleaning up any partially applied oplog batches & reading last op from oplog"}
{"t":{"$date":"2021-12-11T23:32:06.774+07:00"},"s":"I",  "c":"REPL",     "id":21544,   "ctx":"initandlisten","msg":"Recovering from stable timestamp","attr":{"stableTimestamp":{"$timestamp":{"t":1639223831,"i":1}},"topOfOplog":{"ts":{"$timestamp":{"t":1639223831,"i":1}},"t":3},"appliedThrough":{"ts":{"$timestamp":{"t":0,"i":0}},"t":-1}}}
{"t":{"$date":"2021-12-11T23:32:06.774+07:00"},"s":"I",  "c":"REPL",     "id":21545,   "ctx":"initandlisten","msg":"Starting recovery oplog application at the stable timestamp","attr":{"stableTimestamp":{"$timestamp":{"t":1639223831,"i":1}}}}
{"t":{"$date":"2021-12-11T23:32:06.774+07:00"},"s":"I",  "c":"REPL",     "id":5466604, "ctx":"initandlisten","msg":"Start point for recovery oplog application exists in oplog. No adjustment necessary","attr":{"startPoint":{"$timestamp":{"t":1639223831,"i":1}}}}
{"t":{"$date":"2021-12-11T23:32:06.774+07:00"},"s":"I",  "c":"REPL",     "id":21549,   "ctx":"initandlisten","msg":"No oplog entries to apply for recovery. Start point is at the top of the oplog"}
{"t":{"$date":"2021-12-11T23:32:06.774+07:00"},"s":"I",  "c":"REPL",     "id":4280505, "ctx":"initandlisten","msg":"Creating any necessary TenantMigrationAccessBlockers for unfinished migrations"}
{"t":{"$date":"2021-12-11T23:32:06.777+07:00"},"s":"I",  "c":"REPL",     "id":4280506, "ctx":"initandlisten","msg":"Reconstructing prepared transactions"}
{"t":{"$date":"2021-12-11T23:32:06.779+07:00"},"s":"I",  "c":"REPL",     "id":4280507, "ctx":"initandlisten","msg":"Loaded replica set config, scheduled callback to set local config"}
{"t":{"$date":"2021-12-11T23:32:06.779+07:00"},"s":"I",  "c":"REPL",     "id":4280508, "ctx":"ReplCoord-0","msg":"Attempting to set local replica set config; validating config for startup"}
{"t":{"$date":"2021-12-11T23:32:06.781+07:00"},"s":"I",  "c":"CONTROL",  "id":20714,   "ctx":"LogicalSessionCacheRefresh","msg":"Failed to refresh session cache, will try again at the next refresh interval","attr":{"error":"NotYetInitialized: Replication has not yet been configured"}}
{"t":{"$date":"2021-12-11T23:32:06.782+07:00"},"s":"I",  "c":"REPL",     "id":40440,   "ctx":"initandlisten","msg":"Starting the TopologyVersionObserver"}
{"t":{"$date":"2021-12-11T23:32:06.783+07:00"},"s":"I",  "c":"CONTROL",  "id":20711,   "ctx":"LogicalSessionCacheReap","msg":"Failed to reap transaction table","attr":{"error":"NotYetInitialized: Replication has not yet been configured"}}
{"t":{"$date":"2021-12-11T23:32:06.783+07:00"},"s":"I",  "c":"REPL",     "id":40445,   "ctx":"TopologyVersionObserver","msg":"Started TopologyVersionObserver"}
{"t":{"$date":"2021-12-11T23:32:06.784+07:00"},"s":"I",  "c":"NETWORK",  "id":23015,   "ctx":"listener","msg":"Listening on","attr":{"address":"127.0.0.1"}}
{"t":{"$date":"2021-12-11T23:32:06.784+07:00"},"s":"I",  "c":"NETWORK",  "id":23016,   "ctx":"listener","msg":"Waiting for connections","attr":{"port":27020,"ssl":"off"}}
{"t":{"$date":"2021-12-11T23:32:06.818+07:00"},"s":"I",  "c":"REPL",     "id":4280509, "ctx":"ReplCoord-0","msg":"Local configuration validated for startup"}
{"t":{"$date":"2021-12-11T23:32:06.818+07:00"},"s":"I",  "c":"REPL",     "id":6015317, "ctx":"ReplCoord-0","msg":"Setting new configuration state","attr":{"newState":"ConfigSteady","oldState":"ConfigStartingUp"}}
{"t":{"$date":"2021-12-11T23:32:06.818+07:00"},"s":"I",  "c":"REPL",     "id":21392,   "ctx":"ReplCoord-0","msg":"New replica set config in use","attr":{"config":{"_id":"cmpos","version":1,"term":3,"members":[{"_id":0,"host":"localhost:27018","arbiterOnly":false,"buildIndexes":true,"hidden":false,"priority":1,"tags":{},"secondaryDelaySecs":0,"votes":1},{"_id":1,"host":"localhost:27019","arbiterOnly":false,"buildIndexes":true,"hidden":false,"priority":1,"tags":{},"secondaryDelaySecs":0,"votes":1},{"_id":2,"host":"localhost:27020","arbiterOnly":false,"buildIndexes":true,"hidden":false,"priority":1,"tags":{},"secondaryDelaySecs":0,"votes":1}],"protocolVersion":1,"writeConcernMajorityJournalDefault":true,"settings":{"chainingAllowed":true,"heartbeatIntervalMillis":2000,"heartbeatTimeoutSecs":10,"electionTimeoutMillis":10000,"catchUpTimeoutMillis":-1,"catchUpTakeoverDelayMillis":30000,"getLastErrorModes":{},"getLastErrorDefaults":{"w":1,"wtimeout":0},"replicaSetId":{"$oid":"61961a78876dfd21a6bcef44"}}}}}
{"t":{"$date":"2021-12-11T23:32:06.818+07:00"},"s":"I",  "c":"REPL",     "id":21393,   "ctx":"ReplCoord-0","msg":"Found self in config","attr":{"hostAndPort":"localhost:27020"}}
{"t":{"$date":"2021-12-11T23:32:06.818+07:00"},"s":"I",  "c":"REPL",     "id":21358,   "ctx":"ReplCoord-0","msg":"Replica set state transition","attr":{"newState":"STARTUP2","oldState":"STARTUP"}}
{"t":{"$date":"2021-12-11T23:32:06.820+07:00"},"s":"I",  "c":"CONNPOOL", "id":22576,   "ctx":"ReplNetwork","msg":"Connecting","attr":{"hostAndPort":"localhost:27018"}}
{"t":{"$date":"2021-12-11T23:32:06.820+07:00"},"s":"I",  "c":"REPL",     "id":21320,   "ctx":"ReplCoord-0","msg":"Updated term","attr":{"term":3}}
{"t":{"$date":"2021-12-11T23:32:06.820+07:00"},"s":"I",  "c":"REPL",     "id":21306,   "ctx":"ReplCoord-0","msg":"Starting replication storage threads"}
{"t":{"$date":"2021-12-11T23:32:06.820+07:00"},"s":"I",  "c":"CONNPOOL", "id":22576,   "ctx":"ReplNetwork","msg":"Connecting","attr":{"hostAndPort":"localhost:27019"}}
{"t":{"$date":"2021-12-11T23:32:06.821+07:00"},"s":"I",  "c":"REPL",     "id":4280512, "ctx":"ReplCoord-0","msg":"No initial sync required. Attempting to begin steady replication"}
{"t":{"$date":"2021-12-11T23:32:06.821+07:00"},"s":"I",  "c":"REPL",     "id":21358,   "ctx":"ReplCoord-0","msg":"Replica set state transition","attr":{"newState":"RECOVERING","oldState":"STARTUP2"}}
{"t":{"$date":"2021-12-11T23:32:06.823+07:00"},"s":"I",  "c":"REPL",     "id":21299,   "ctx":"ReplCoord-0","msg":"Starting replication fetcher thread"}
{"t":{"$date":"2021-12-11T23:32:06.823+07:00"},"s":"I",  "c":"REPL",     "id":21300,   "ctx":"ReplCoord-0","msg":"Starting replication applier thread"}
{"t":{"$date":"2021-12-11T23:32:06.823+07:00"},"s":"I",  "c":"REPL",     "id":21301,   "ctx":"ReplCoord-0","msg":"Starting replication reporter thread"}
{"t":{"$date":"2021-12-11T23:32:06.823+07:00"},"s":"I",  "c":"REPL",     "id":4280511, "ctx":"ReplCoord-0","msg":"Set local replica set config"}
{"t":{"$date":"2021-12-11T23:32:06.824+07:00"},"s":"I",  "c":"REPL",     "id":21224,   "ctx":"OplogApplier-0","msg":"Starting oplog application"}
{"t":{"$date":"2021-12-11T23:32:06.825+07:00"},"s":"I",  "c":"REPL",     "id":21215,   "ctx":"ReplCoord-1","msg":"Member is in new state","attr":{"hostAndPort":"localhost:27018","newState":"PRIMARY"}}
{"t":{"$date":"2021-12-11T23:32:06.825+07:00"},"s":"I",  "c":"REPL",     "id":21358,   "ctx":"OplogApplier-0","msg":"Replica set state transition","attr":{"newState":"SECONDARY","oldState":"RECOVERING"}}
{"t":{"$date":"2021-12-11T23:32:06.825+07:00"},"s":"I",  "c":"REPL",     "id":21106,   "ctx":"OplogApplier-0","msg":"Resetting sync source to empty","attr":{"previousSyncSource":":27017"}}
{"t":{"$date":"2021-12-11T23:32:06.825+07:00"},"s":"I",  "c":"REPL",     "id":21783,   "ctx":"BackgroundSync","msg":"Waiting for pings from other members before syncing","attr":{"pingsNeeded":3}}
{"t":{"$date":"2021-12-11T23:32:06.826+07:00"},"s":"I",  "c":"REPL",     "id":21215,   "ctx":"ReplCoord-2","msg":"Member is in new state","attr":{"hostAndPort":"localhost:27019","newState":"SECONDARY"}}
{"t":{"$date":"2021-12-11T23:32:07.001+07:00"},"s":"I",  "c":"NETWORK",  "id":22943,   "ctx":"listener","msg":"Connection accepted","attr":{"remote":"127.0.0.1:54187","uuid":"aa02c303-d0b6-4b38-b39c-cd1f443dbadc","connectionId":5,"connectionCount":1}}
{"t":{"$date":"2021-12-11T23:32:07.005+07:00"},"s":"I",  "c":"NETWORK",  "id":51800,   "ctx":"conn5","msg":"client metadata","attr":{"remote":"127.0.0.1:54187","client":"conn5","doc":{"driver":{"name":"NetworkInterfaceTL","version":"5.0.4"},"os":{"type":"Windows","name":"Microsoft Windows 10","architecture":"x86_64","version":"10.0 (build 22000)"}}}}
{"t":{"$date":"2021-12-11T23:32:07.216+07:00"},"s":"I",  "c":"NETWORK",  "id":22943,   "ctx":"listener","msg":"Connection accepted","attr":{"remote":"127.0.0.1:54188","uuid":"b0584ade-3cc2-4522-acf7-ccf93cc5ade3","connectionId":6,"connectionCount":2}}
{"t":{"$date":"2021-12-11T23:32:07.217+07:00"},"s":"I",  "c":"NETWORK",  "id":22943,   "ctx":"listener","msg":"Connection accepted","attr":{"remote":"127.0.0.1:54189","uuid":"99d2078b-41b3-4434-9a5d-f450ea2e31e8","connectionId":7,"connectionCount":3}}
{"t":{"$date":"2021-12-11T23:32:07.223+07:00"},"s":"I",  "c":"NETWORK",  "id":51800,   "ctx":"conn7","msg":"client metadata","attr":{"remote":"127.0.0.1:54189","client":"conn7","doc":{"driver":{"name":"NetworkInterfaceTL","version":"5.0.4"},"os":{"type":"Windows","name":"Microsoft Windows 10","architecture":"x86_64","version":"10.0 (build 22000)"}}}}
{"t":{"$date":"2021-12-11T23:32:07.226+07:00"},"s":"I",  "c":"NETWORK",  "id":51800,   "ctx":"conn6","msg":"client metadata","attr":{"remote":"127.0.0.1:54188","client":"conn6","doc":{"driver":{"name":"NetworkInterfaceTL","version":"5.0.4"},"os":{"type":"Windows","name":"Microsoft Windows 10","architecture":"x86_64","version":"10.0 (build 22000)"}}}}
{"t":{"$date":"2021-12-11T23:32:07.826+07:00"},"s":"I",  "c":"REPL",     "id":21799,   "ctx":"BackgroundSync","msg":"Sync source candidate chosen","attr":{"syncSource":"localhost:27019"}}
{"t":{"$date":"2021-12-11T23:32:07.826+07:00"},"s":"I",  "c":"CONNPOOL", "id":22576,   "ctx":"ReplCoordExternNetwork","msg":"Connecting","attr":{"hostAndPort":"localhost:27019"}}
{"t":{"$date":"2021-12-11T23:32:07.832+07:00"},"s":"I",  "c":"REPL",     "id":21088,   "ctx":"BackgroundSync","msg":"Changed sync source","attr":{"oldSyncSource":"empty","newSyncSource":"localhost:27019"}}
{"t":{"$date":"2021-12-11T23:32:07.888+07:00"},"s":"I",  "c":"COMMAND",  "id":20332,   "ctx":"ReplWriterWorker-2","msg":"CMD: drop","attr":{"namespace":"codedatabase.coursedatabase"}}
{"t":{"$date":"2021-12-11T23:32:07.889+07:00"},"s":"I",  "c":"STORAGE",  "id":20314,   "ctx":"ReplWriterWorker-2","msg":"dropCollection: storage engine will take ownership of drop-pending collection","attr":{"namespace":"codedatabase.coursedatabase","uuid":{"uuid":{"$uuid":"b88675da-554e-4a3e-a59e-943fe80e59b5"}},"dropOpTime":{"ts":{"$timestamp":{"t":1639236279,"i":1}},"t":3},"commitTimestamp":{"$timestamp":{"t":1639236279,"i":1}}}}
{"t":{"$date":"2021-12-11T23:32:07.889+07:00"},"s":"I",  "c":"STORAGE",  "id":20318,   "ctx":"ReplWriterWorker-2","msg":"Finishing collection drop","attr":{"namespace":"codedatabase.coursedatabase","uuid":{"uuid":{"$uuid":"b88675da-554e-4a3e-a59e-943fe80e59b5"}}}}
{"t":{"$date":"2021-12-11T23:32:07.889+07:00"},"s":"I",  "c":"STORAGE",  "id":22206,   "ctx":"ReplWriterWorker-2","msg":"Deferring table drop for index","attr":{"index":"_id_","namespace":"codedatabase.coursedatabase","uuid":{"uuid":{"$uuid":"b88675da-554e-4a3e-a59e-943fe80e59b5"}},"ident":"index-50--5361902854529630583","commitTimestamp":{"$timestamp":{"t":1639236279,"i":1}}}}
{"t":{"$date":"2021-12-11T23:32:07.889+07:00"},"s":"I",  "c":"STORAGE",  "id":22214,   "ctx":"ReplWriterWorker-2","msg":"Deferring table drop for collection","attr":{"namespace":"codedatabase.coursedatabase","ident":"collection-49--5361902854529630583","commitTimestamp":{"$timestamp":{"t":1639236279,"i":1}}}}
{"t":{"$date":"2021-12-11T23:32:07.897+07:00"},"s":"I",  "c":"COMMAND",  "id":20337,   "ctx":"ReplWriterWorker-1","msg":"dropDatabase - starting","attr":{"db":"codedatabase"}}
{"t":{"$date":"2021-12-11T23:32:07.897+07:00"},"s":"I",  "c":"COMMAND",  "id":20336,   "ctx":"ReplWriterWorker-1","msg":"dropDatabase","attr":{"db":"codedatabase","numCollectionsDropped":0}}
{"t":{"$date":"2021-12-11T23:32:07.898+07:00"},"s":"I",  "c":"COMMAND",  "id":20332,   "ctx":"ReplWriterWorker-12","msg":"CMD: drop","attr":{"namespace":"card_db.card"}}
{"t":{"$date":"2021-12-11T23:32:07.899+07:00"},"s":"I",  "c":"STORAGE",  "id":20314,   "ctx":"ReplWriterWorker-12","msg":"dropCollection: storage engine will take ownership of drop-pending collection","attr":{"namespace":"card_db.card","uuid":{"uuid":{"$uuid":"9a347285-dae4-4727-8213-77ec3c87812f"}},"dropOpTime":{"ts":{"$timestamp":{"t":1639236288,"i":1}},"t":3},"commitTimestamp":{"$timestamp":{"t":1639236288,"i":1}}}}
{"t":{"$date":"2021-12-11T23:32:07.899+07:00"},"s":"I",  "c":"STORAGE",  "id":20318,   "ctx":"ReplWriterWorker-12","msg":"Finishing collection drop","attr":{"namespace":"card_db.card","uuid":{"uuid":{"$uuid":"9a347285-dae4-4727-8213-77ec3c87812f"}}}}
{"t":{"$date":"2021-12-11T23:32:07.899+07:00"},"s":"I",  "c":"STORAGE",  "id":22206,   "ctx":"ReplWriterWorker-12","msg":"Deferring table drop for index","attr":{"index":"_id_","namespace":"card_db.card","uuid":{"uuid":{"$uuid":"9a347285-dae4-4727-8213-77ec3c87812f"}},"ident":"index-1--470105194569170859","commitTimestamp":{"$timestamp":{"t":1639236288,"i":1}}}}
{"t":{"$date":"2021-12-11T23:32:07.899+07:00"},"s":"I",  "c":"STORAGE",  "id":22214,   "ctx":"ReplWriterWorker-12","msg":"Deferring table drop for collection","attr":{"namespace":"card_db.card","ident":"collection-0--470105194569170859","commitTimestamp":{"$timestamp":{"t":1639236288,"i":1}}}}
{"t":{"$date":"2021-12-11T23:32:07.900+07:00"},"s":"I",  "c":"COMMAND",  "id":20337,   "ctx":"ReplWriterWorker-10","msg":"dropDatabase - starting","attr":{"db":"card_db"}}
{"t":{"$date":"2021-12-11T23:32:07.900+07:00"},"s":"I",  "c":"COMMAND",  "id":20336,   "ctx":"ReplWriterWorker-10","msg":"dropDatabase","attr":{"db":"card_db","numCollectionsDropped":0}}
{"t":{"$date":"2021-12-11T23:32:07.907+07:00"},"s":"I",  "c":"STORAGE",  "id":20320,   "ctx":"ReplWriterWorker-7","msg":"createCollection","attr":{"namespace":"card_db.card","uuidDisposition":"provided","uuid":{"uuid":{"$uuid":"de63c997-6972-47aa-9f24-208d08fdee41"}},"options":{"uuid":{"$uuid":"de63c997-6972-47aa-9f24-208d08fdee41"}}}}
{"t":{"$date":"2021-12-11T23:32:07.937+07:00"},"s":"I",  "c":"INDEX",    "id":20345,   "ctx":"ReplWriterWorker-7","msg":"Index build: done building","attr":{"buildUUID":null,"namespace":"card_db.card","index":"_id_","commitTimestamp":{"$timestamp":{"t":1639236303,"i":1}}}}
{"t":{"$date":"2021-12-11T23:32:14.207+07:00"},"s":"I",  "c":"NETWORK",  "id":22943,   "ctx":"listener","msg":"Connection accepted","attr":{"remote":"127.0.0.1:54196","uuid":"68d3598c-ac5b-4516-be5a-240d85a83471","connectionId":10,"connectionCount":4}}
{"t":{"$date":"2021-12-11T23:32:14.208+07:00"},"s":"I",  "c":"NETWORK",  "id":51800,   "ctx":"conn10","msg":"client metadata","attr":{"remote":"127.0.0.1:54196","client":"conn10","doc":{"driver":{"name":"NetworkInterfaceTL","version":"5.0.4"},"os":{"type":"Windows","name":"Microsoft Windows 10","architecture":"x86_64","version":"10.0 (build 22000)"}}}}
{"t":{"$date":"2021-12-11T23:33:06.321+07:00"},"s":"I",  "c":"STORAGE",  "id":22430,   "ctx":"Checkpointer","msg":"WiredTiger message","attr":{"message":"[1639240386:321190][68468:140718195237232], WT_SESSION.checkpoint: [WT_VERB_CHECKPOINT_PROGRESS] saving checkpoint snapshot min: 480, snapshot max: 480 snapshot count: 0, oldest timestamp: (1639240084, 1) , meta checkpoint timestamp: (1639240384, 1) base write gen: 331"}}
{"t":{"$date":"2021-12-11T23:33:06.428+07:00"},"s":"I",  "c":"STORAGE",  "id":22260,   "ctx":"TimestampMonitor","msg":"Removing drop-pending idents with drop timestamps before timestamp","attr":{"timestamp":{"$timestamp":{"t":1639240084,"i":1}}}}
{"t":{"$date":"2021-12-11T23:33:06.428+07:00"},"s":"I",  "c":"STORAGE",  "id":22237,   "ctx":"TimestampMonitor","msg":"Completing drop for ident","attr":{"ident":"index-50--5361902854529630583","dropTimestamp":{"$timestamp":{"t":1639236279,"i":1}}}}
{"t":{"$date":"2021-12-11T23:33:06.436+07:00"},"s":"I",  "c":"STORAGE",  "id":22237,   "ctx":"TimestampMonitor","msg":"Completing drop for ident","attr":{"ident":"collection-49--5361902854529630583","dropTimestamp":{"$timestamp":{"t":1639236279,"i":1}}}}
{"t":{"$date":"2021-12-11T23:33:06.440+07:00"},"s":"I",  "c":"STORAGE",  "id":22237,   "ctx":"TimestampMonitor","msg":"Completing drop for ident","attr":{"ident":"index-1--470105194569170859","dropTimestamp":{"$timestamp":{"t":1639236288,"i":1}}}}
{"t":{"$date":"2021-12-11T23:33:06.444+07:00"},"s":"I",  "c":"STORAGE",  "id":22237,   "ctx":"TimestampMonitor","msg":"Completing drop for ident","attr":{"ident":"collection-0--470105194569170859","dropTimestamp":{"$timestamp":{"t":1639236288,"i":1}}}}
{"t":{"$date":"2021-12-11T23:33:16.786+07:00"},"s":"I",  "c":"NETWORK",  "id":22943,   "ctx":"listener","msg":"Connection accepted","attr":{"remote":"127.0.0.1:49899","uuid":"d3463680-5f02-415a-8f17-8e0f2bc20989","connectionId":11,"connectionCount":5}}
{"t":{"$date":"2021-12-11T23:33:16.795+07:00"},"s":"I",  "c":"NETWORK",  "id":51800,   "ctx":"conn11","msg":"client metadata","attr":{"remote":"127.0.0.1:49899","client":"conn11","doc":{"driver":{"name":"NetworkInterfaceTL","version":"5.0.4"},"os":{"type":"Windows","name":"Microsoft Windows 10","architecture":"x86_64","version":"10.0 (build 22000)"}}}}
{"t":{"$date":"2021-12-11T23:34:06.433+07:00"},"s":"I",  "c":"STORAGE",  "id":22430,   "ctx":"Checkpointer","msg":"WiredTiger message","attr":{"message":"[1639240446:433126][68468:140718195237232], WT_SESSION.checkpoint: [WT_VERB_CHECKPOINT_PROGRESS] saving checkpoint snapshot min: 525, snapshot max: 525 snapshot count: 0, oldest timestamp: (1639240144, 1) , meta checkpoint timestamp: (1639240444, 1) base write gen: 331"}}
{"t":{"$date":"2021-12-11T23:35:06.456+07:00"},"s":"I",  "c":"STORAGE",  "id":22430,   "ctx":"Checkpointer","msg":"WiredTiger message","attr":{"message":"[1639240506:455253][68468:140718195237232], WT_SESSION.checkpoint: [WT_VERB_CHECKPOINT_PROGRESS] saving checkpoint snapshot min: 558, snapshot max: 558 snapshot count: 0, oldest timestamp: (1639240204, 1) , meta checkpoint timestamp: (1639240504, 1) base write gen: 331"}}
{"t":{"$date":"2021-12-11T23:36:06.476+07:00"},"s":"I",  "c":"STORAGE",  "id":22430,   "ctx":"Checkpointer","msg":"WiredTiger message","attr":{"message":"[1639240566:475253][68468:140718195237232], WT_SESSION.checkpoint: [WT_VERB_CHECKPOINT_PROGRESS] saving checkpoint snapshot min: 591, snapshot max: 591 snapshot count: 0, oldest timestamp: (1639240264, 1) , meta checkpoint timestamp: (1639240564, 1) base write gen: 331"}}
{"t":{"$date":"2021-12-11T23:37:06.489+07:00"},"s":"I",  "c":"STORAGE",  "id":22430,   "ctx":"Checkpointer","msg":"WiredTiger message","attr":{"message":"[1639240626:488119][68468:140718195237232], WT_SESSION.checkpoint: [WT_VERB_CHECKPOINT_PROGRESS] saving checkpoint snapshot min: 635, snapshot max: 635 snapshot count: 0, oldest timestamp: (1639240324, 1) , meta checkpoint timestamp: (1639240624, 1) base write gen: 331"}}
{"t":{"$date":"2021-12-11T23:37:06.782+07:00"},"s":"I",  "c":"NETWORK",  "id":4603701, "ctx":"LogicalSessionCacheRefresh","msg":"Starting Replica Set Monitor","attr":{"protocol":"streamable","uri":"cmpos/localhost:27018,localhost:27019,localhost:27020"}}
{"t":{"$date":"2021-12-11T23:37:06.783+07:00"},"s":"I",  "c":"-",        "id":4333223, "ctx":"LogicalSessionCacheRefresh","msg":"RSM now monitoring replica set","attr":{"replicaSet":"cmpos","nReplicaSetMembers":3}}
{"t":{"$date":"2021-12-11T23:37:06.783+07:00"},"s":"I",  "c":"-",        "id":4333226, "ctx":"LogicalSessionCacheRefresh","msg":"RSM host was added to the topology","attr":{"replicaSet":"cmpos","host":"localhost:27018"}}
{"t":{"$date":"2021-12-11T23:37:06.783+07:00"},"s":"I",  "c":"-",        "id":4333226, "ctx":"LogicalSessionCacheRefresh","msg":"RSM host was added to the topology","attr":{"replicaSet":"cmpos","host":"localhost:27019"}}
{"t":{"$date":"2021-12-11T23:37:06.783+07:00"},"s":"I",  "c":"-",        "id":4333226, "ctx":"LogicalSessionCacheRefresh","msg":"RSM host was added to the topology","attr":{"replicaSet":"cmpos","host":"localhost:27020"}}
{"t":{"$date":"2021-12-11T23:37:06.783+07:00"},"s":"I",  "c":"-",        "id":4333218, "ctx":"LogicalSessionCacheRefresh","msg":"Rescheduling the next replica set monitoring request","attr":{"replicaSet":"cmpos","host":"localhost:27020","delayMillis":0}}
{"t":{"$date":"2021-12-11T23:37:06.783+07:00"},"s":"I",  "c":"-",        "id":4333218, "ctx":"LogicalSessionCacheRefresh","msg":"Rescheduling the next replica set monitoring request","attr":{"replicaSet":"cmpos","host":"localhost:27019","delayMillis":0}}
{"t":{"$date":"2021-12-11T23:37:06.783+07:00"},"s":"I",  "c":"CONNPOOL", "id":22576,   "ctx":"ReplicaSetMonitor-TaskExecutor","msg":"Connecting","attr":{"hostAndPort":"localhost:27018"}}
{"t":{"$date":"2021-12-11T23:37:06.783+07:00"},"s":"I",  "c":"CONNPOOL", "id":22576,   "ctx":"ReplicaSetMonitor-TaskExecutor","msg":"Connecting","attr":{"hostAndPort":"localhost:27020"}}
{"t":{"$date":"2021-12-11T23:37:06.783+07:00"},"s":"I",  "c":"CONNPOOL", "id":22576,   "ctx":"ReplicaSetMonitor-TaskExecutor","msg":"Connecting","attr":{"hostAndPort":"localhost:27019"}}
{"t":{"$date":"2021-12-11T23:37:06.785+07:00"},"s":"I",  "c":"NETWORK",  "id":22943,   "ctx":"listener","msg":"Connection accepted","attr":{"remote":"127.0.0.1:50266","uuid":"d930119c-7f9c-4226-bf94-25a6866e4243","connectionId":12,"connectionCount":6}}
{"t":{"$date":"2021-12-11T23:37:06.786+07:00"},"s":"I",  "c":"NETWORK",  "id":51800,   "ctx":"conn12","msg":"client metadata","attr":{"remote":"127.0.0.1:50266","client":"conn12","doc":{"driver":{"name":"NetworkInterfaceTL","version":"5.0.4"},"os":{"type":"Windows","name":"Microsoft Windows 10","architecture":"x86_64","version":"10.0 (build 22000)"}}}}
{"t":{"$date":"2021-12-11T23:37:06.786+07:00"},"s":"I",  "c":"NETWORK",  "id":23729,   "ctx":"ReplicaSetMonitor-TaskExecutor","msg":"ServerPingMonitor is now monitoring host","attr":{"host":"localhost:27020","replicaSet":"cmpos"}}
{"t":{"$date":"2021-12-11T23:37:06.786+07:00"},"s":"I",  "c":"NETWORK",  "id":4333213, "ctx":"ReplicaSetMonitor-TaskExecutor","msg":"RSM Topology Change","attr":{"replicaSet":"cmpos","newTopologyDescription":"{ id: \"b6fd25bb-844b-4caa-8bf5-058b7fdafa63\", topologyType: \"ReplicaSetNoPrimary\", servers: { localhost:27018: { address: \"localhost:27018\", type: \"Unknown\", minWireVersion: 0, maxWireVersion: 0, lastUpdateTime: new Date(-9223372036854775808), hosts: {}, arbiters: {}, passives: {} }, localhost:27019: { address: \"localhost:27019\", type: \"Unknown\", minWireVersion: 0, maxWireVersion: 0, lastUpdateTime: new Date(-9223372036854775808), hosts: {}, arbiters: {}, passives: {} }, localhost:27020: { address: \"localhost:27020\", topologyVersion: { processId: ObjectId('61b4d28507ade5ed8083c53d'), counter: 3 }, roundTripTime: 304, lastWriteDate: new Date(1639240624000), opTime: { ts: Timestamp(1639240624, 1), t: 3 }, type: \"RSSecondary\", minWireVersion: 13, maxWireVersion: 13, me: \"localhost:27020\", setName: \"cmpos\", setVersion: 1, primary: \"localhost:27018\", lastUpdateTime: new Date(1639240626786), logicalSessionTimeoutMinutes: 30, hosts: { 0: \"localhost:27018\", 1: \"localhost:27019\", 2: \"localhost:27020\" }, arbiters: {}, passives: {} } }, logicalSessionTimeoutMinutes: 30, setName: \"cmpos\", compatible: true }","previousTopologyDescription":"{ id: \"e4fd6e45-41f9-4c4a-86b4-5eea8291cc50\", topologyType: \"Unknown\", servers: { localhost:27018: { address: \"localhost:27018\", type: \"Unknown\", minWireVersion: 0, maxWireVersion: 0, lastUpdateTime: new Date(-9223372036854775808), hosts: {}, arbiters: {}, passives: {} }, localhost:27019: { address: \"localhost:27019\", type: \"Unknown\", minWireVersion: 0, maxWireVersion: 0, lastUpdateTime: new Date(-9223372036854775808), hosts: {}, arbiters: {}, passives: {} }, localhost:27020: { address: \"localhost:27020\", type: \"Unknown\", minWireVersion: 0, maxWireVersion: 0, lastUpdateTime: new Date(-9223372036854775808), hosts: {}, arbiters: {}, passives: {} } }, compatible: true }"}}
{"t":{"$date":"2021-12-11T23:37:06.786+07:00"},"s":"I",  "c":"NETWORK",  "id":23729,   "ctx":"ReplicaSetMonitor-TaskExecutor","msg":"ServerPingMonitor is now monitoring host","attr":{"host":"localhost:27018","replicaSet":"cmpos"}}
{"t":{"$date":"2021-12-11T23:37:06.786+07:00"},"s":"I",  "c":"NETWORK",  "id":4333213, "ctx":"ReplicaSetMonitor-TaskExecutor","msg":"RSM Topology Change","attr":{"replicaSet":"cmpos","newTopologyDescription":"{ id: \"8d1c065e-3aa7-4e8c-a829-5400342f382f\", topologyType: \"ReplicaSetWithPrimary\", servers: { localhost:27018: { address: \"localhost:27018\", topologyVersion: { processId: ObjectId('61b490b115248a436f0e1288'), counter: 6 }, roundTripTime: 602, lastWriteDate: new Date(1639240624000), opTime: { ts: Timestamp(1639240624, 1), t: 3 }, type: \"RSPrimary\", minWireVersion: 13, maxWireVersion: 13, me: \"localhost:27018\", setName: \"cmpos\", setVersion: 1, electionId: ObjectId('7fffffff0000000000000003'), primary: \"localhost:27018\", lastUpdateTime: new Date(1639240626786), logicalSessionTimeoutMinutes: 30, hosts: { 0: \"localhost:27018\", 1: \"localhost:27019\", 2: \"localhost:27020\" }, arbiters: {}, passives: {} }, localhost:27019: { address: \"localhost:27019\", type: \"Unknown\", minWireVersion: 0, maxWireVersion: 0, lastUpdateTime: new Date(-9223372036854775808), hosts: {}, arbiters: {}, passives: {} }, localhost:27020: { address: \"localhost:27020\", topologyVersion: { processId: ObjectId('61b4d28507ade5ed8083c53d'), counter: 3 }, roundTripTime: 304, lastWriteDate: new Date(1639240624000), opTime: { ts: Timestamp(1639240624, 1), t: 3 }, type: \"RSSecondary\", minWireVersion: 13, maxWireVersion: 13, me: \"localhost:27020\", setName: \"cmpos\", setVersion: 1, primary: \"localhost:27018\", lastUpdateTime: new Date(1639240626786), logicalSessionTimeoutMinutes: 30, hosts: { 0: \"localhost:27018\", 1: \"localhost:27019\", 2: \"localhost:27020\" }, arbiters: {}, passives: {} } }, logicalSessionTimeoutMinutes: 30, setName: \"cmpos\", compatible: true, maxElectionIdSetVersion: { electionId: ObjectId('7fffffff0000000000000003'), setVersion: 1 } }","previousTopologyDescription":"{ id: \"b6fd25bb-844b-4caa-8bf5-058b7fdafa63\", topologyType: \"ReplicaSetNoPrimary\", servers: { localhost:27018: { address: \"localhost:27018\", type: \"Unknown\", minWireVersion: 0, maxWireVersion: 0, lastUpdateTime: new Date(-9223372036854775808), hosts: {}, arbiters: {}, passives: {} }, localhost:27019: { address: \"localhost:27019\", type: \"Unknown\", minWireVersion: 0, maxWireVersion: 0, lastUpdateTime: new Date(-9223372036854775808), hosts: {}, arbiters: {}, passives: {} }, localhost:27020: { address: \"localhost:27020\", topologyVersion: { processId: ObjectId('61b4d28507ade5ed8083c53d'), counter: 3 }, roundTripTime: 304, lastWriteDate: new Date(1639240624000), opTime: { ts: Timestamp(1639240624, 1), t: 3 }, type: \"RSSecondary\", minWireVersion: 13, maxWireVersion: 13, me: \"localhost:27020\", setName: \"cmpos\", setVersion: 1, primary: \"localhost:27018\", lastUpdateTime: new Date(1639240626786), logicalSessionTimeoutMinutes: 30, hosts: { 0: \"localhost:27018\", 1: \"localhost:27019\", 2: \"localhost:27020\" }, arbiters: {}, passives: {} } }, logicalSessionTimeoutMinutes: 30, setName: \"cmpos\", compatible: true }"}}
{"t":{"$date":"2021-12-11T23:37:06.786+07:00"},"s":"I",  "c":"NETWORK",  "id":23729,   "ctx":"ReplicaSetMonitor-TaskExecutor","msg":"ServerPingMonitor is now monitoring host","attr":{"host":"localhost:27019","replicaSet":"cmpos"}}
{"t":{"$date":"2021-12-11T23:37:06.786+07:00"},"s":"I",  "c":"NETWORK",  "id":4333213, "ctx":"ReplicaSetMonitor-TaskExecutor","msg":"RSM Topology Change","attr":{"replicaSet":"cmpos","newTopologyDescription":"{ id: \"339d2779-f56a-4dc0-8706-cda614f9a7a6\", topologyType: \"ReplicaSetWithPrimary\", servers: { localhost:27018: { address: \"localhost:27018\", topologyVersion: { processId: ObjectId('61b490b115248a436f0e1288'), counter: 6 }, roundTripTime: 602, lastWriteDate: new Date(1639240624000), opTime: { ts: Timestamp(1639240624, 1), t: 3 }, type: \"RSPrimary\", minWireVersion: 13, maxWireVersion: 13, me: \"localhost:27018\", setName: \"cmpos\", setVersion: 1, electionId: ObjectId('7fffffff0000000000000003'), primary: \"localhost:27018\", lastUpdateTime: new Date(1639240626786), logicalSessionTimeoutMinutes: 30, hosts: { 0: \"localhost:27018\", 1: \"localhost:27019\", 2: \"localhost:27020\" }, arbiters: {}, passives: {} }, localhost:27019: { address: \"localhost:27019\", topologyVersion: { processId: ObjectId('61b490ba52da8c063770cc68'), counter: 4 }, roundTripTime: 706, lastWriteDate: new Date(1639240624000), opTime: { ts: Timestamp(1639240624, 1), t: 3 }, type: \"RSSecondary\", minWireVersion: 13, maxWireVersion: 13, me: \"localhost:27019\", setName: \"cmpos\", setVersion: 1, primary: \"localhost:27018\", lastUpdateTime: new Date(1639240626786), logicalSessionTimeoutMinutes: 30, hosts: { 0: \"localhost:27018\", 1: \"localhost:27019\", 2: \"localhost:27020\" }, arbiters: {}, passives: {} }, localhost:27020: { address: \"localhost:27020\", topologyVersion: { processId: ObjectId('61b4d28507ade5ed8083c53d'), counter: 3 }, roundTripTime: 304, lastWriteDate: new Date(1639240624000), opTime: { ts: Timestamp(1639240624, 1), t: 3 }, type: \"RSSecondary\", minWireVersion: 13, maxWireVersion: 13, me: \"localhost:27020\", setName: \"cmpos\", setVersion: 1, primary: \"localhost:27018\", lastUpdateTime: new Date(1639240626786), logicalSessionTimeoutMinutes: 30, hosts: { 0: \"localhost:27018\", 1: \"localhost:27019\", 2: \"localhost:27020\" }, arbiters: {}, passives: {} } }, logicalSessionTimeoutMinutes: 30, setName: \"cmpos\", compatible: true, maxElectionIdSetVersion: { electionId: ObjectId('7fffffff0000000000000003'), setVersion: 1 } }","previousTopologyDescription":"{ id: \"8d1c065e-3aa7-4e8c-a829-5400342f382f\", topologyType: \"ReplicaSetWithPrimary\", servers: { localhost:27018: { address: \"localhost:27018\", topologyVersion: { processId: ObjectId('61b490b115248a436f0e1288'), counter: 6 }, roundTripTime: 602, lastWriteDate: new Date(1639240624000), opTime: { ts: Timestamp(1639240624, 1), t: 3 }, type: \"RSPrimary\", minWireVersion: 13, maxWireVersion: 13, me: \"localhost:27018\", setName: \"cmpos\", setVersion: 1, electionId: ObjectId('7fffffff0000000000000003'), primary: \"localhost:27018\", lastUpdateTime: new Date(1639240626786), logicalSessionTimeoutMinutes: 30, hosts: { 0: \"localhost:27018\", 1: \"localhost:27019\", 2: \"localhost:27020\" }, arbiters: {}, passives: {} }, localhost:27019: { address: \"localhost:27019\", type: \"Unknown\", minWireVersion: 0, maxWireVersion: 0, lastUpdateTime: new Date(-9223372036854775808), hosts: {}, arbiters: {}, passives: {} }, localhost:27020: { address: \"localhost:27020\", topologyVersion: { processId: ObjectId('61b4d28507ade5ed8083c53d'), counter: 3 }, roundTripTime: 304, lastWriteDate: new Date(1639240624000), opTime: { ts: Timestamp(1639240624, 1), t: 3 }, type: \"RSSecondary\", minWireVersion: 13, maxWireVersion: 13, me: \"localhost:27020\", setName: \"cmpos\", setVersion: 1, primary: \"localhost:27018\", lastUpdateTime: new Date(1639240626786), logicalSessionTimeoutMinutes: 30, hosts: { 0: \"localhost:27018\", 1: \"localhost:27019\", 2: \"localhost:27020\" }, arbiters: {}, passives: {} } }, logicalSessionTimeoutMinutes: 30, setName: \"cmpos\", compatible: true, maxElectionIdSetVersion: { electionId: ObjectId('7fffffff0000000000000003'), setVersion: 1 } }"}}
{"t":{"$date":"2021-12-11T23:37:06.787+07:00"},"s":"I",  "c":"NETWORK",  "id":22943,   "ctx":"listener","msg":"Connection accepted","attr":{"remote":"127.0.0.1:50269","uuid":"abb4465a-e040-4c44-9136-2ff9e9de90bb","connectionId":17,"connectionCount":7}}
{"t":{"$date":"2021-12-11T23:37:06.788+07:00"},"s":"I",  "c":"NETWORK",  "id":51800,   "ctx":"conn17","msg":"client metadata","attr":{"remote":"127.0.0.1:50269","client":"conn17","doc":{"driver":{"name":"NetworkInterfaceTL","version":"5.0.4"},"os":{"type":"Windows","name":"Microsoft Windows 10","architecture":"x86_64","version":"10.0 (build 22000)"}}}}
{"t":{"$date":"2021-12-11T23:37:06.788+07:00"},"s":"I",  "c":"NETWORK",  "id":20113,   "ctx":"LogicalSessionCacheRefresh","msg":"Successfully connected to host","attr":{"connString":"localhost:27018","numOpenConns":1,"socketTimeoutSecs":0}}
{"t":{"$date":"2021-12-11T23:37:06.788+07:00"},"s":"I",  "c":"NETWORK",  "id":20113,   "ctx":"LogicalSessionCacheReap","msg":"Successfully connected to host","attr":{"connString":"localhost:27018","numOpenConns":2,"socketTimeoutSecs":0}}
{"t":{"$date":"2021-12-11T23:38:06.502+07:00"},"s":"I",  "c":"STORAGE",  "id":22430,   "ctx":"Checkpointer","msg":"WiredTiger message","attr":{"message":"[1639240686:502074][68468:140718195237232], WT_SESSION.checkpoint: [WT_VERB_CHECKPOINT_PROGRESS] saving checkpoint snapshot min: 668, snapshot max: 668 snapshot count: 0, oldest timestamp: (1639240384, 1) , meta checkpoint timestamp: (1639240684, 1) base write gen: 331"}}
{"t":{"$date":"2021-12-11T23:38:16.797+07:00"},"s":"I",  "c":"NETWORK",  "id":22944,   "ctx":"conn11","msg":"Connection ended","attr":{"remote":"127.0.0.1:49899","uuid":"d3463680-5f02-415a-8f17-8e0f2bc20989","connectionId":11,"connectionCount":6}}
{"t":{"$date":"2021-12-11T23:39:06.516+07:00"},"s":"I",  "c":"STORAGE",  "id":22430,   "ctx":"Checkpointer","msg":"WiredTiger message","attr":{"message":"[1639240746:516083][68468:140718195237232], WT_SESSION.checkpoint: [WT_VERB_CHECKPOINT_PROGRESS] saving checkpoint snapshot min: 701, snapshot max: 701 snapshot count: 0, oldest timestamp: (1639240444, 1) , meta checkpoint timestamp: (1639240744, 1) base write gen: 331"}}
{"t":{"$date":"2021-12-11T23:40:06.529+07:00"},"s":"I",  "c":"STORAGE",  "id":22430,   "ctx":"Checkpointer","msg":"WiredTiger message","attr":{"message":"[1639240806:529081][68468:140718195237232], WT_SESSION.checkpoint: [WT_VERB_CHECKPOINT_PROGRESS] saving checkpoint snapshot min: 734, snapshot max: 734 snapshot count: 0, oldest timestamp: (1639240504, 1) , meta checkpoint timestamp: (1639240804, 1) base write gen: 331"}}
{"t":{"$date":"2021-12-11T23:41:06.543+07:00"},"s":"I",  "c":"STORAGE",  "id":22430,   "ctx":"Checkpointer","msg":"WiredTiger message","attr":{"message":"[1639240866:543075][68468:140718195237232], WT_SESSION.checkpoint: [WT_VERB_CHECKPOINT_PROGRESS] saving checkpoint snapshot min: 767, snapshot max: 767 snapshot count: 0, oldest timestamp: (1639240564, 1) , meta checkpoint timestamp: (1639240864, 1) base write gen: 331"}}
{"t":{"$date":"2021-12-11T23:42:06.559+07:00"},"s":"I",  "c":"STORAGE",  "id":22430,   "ctx":"Checkpointer","msg":"WiredTiger message","attr":{"message":"[1639240926:559131][68468:140718195237232], WT_SESSION.checkpoint: [WT_VERB_CHECKPOINT_PROGRESS] saving checkpoint snapshot min: 800, snapshot max: 800 snapshot count: 0, oldest timestamp: (1639240624, 1) , meta checkpoint timestamp: (1639240924, 1) base write gen: 331"}}
{"t":{"$date":"2021-12-11T23:43:06.575+07:00"},"s":"I",  "c":"STORAGE",  "id":22430,   "ctx":"Checkpointer","msg":"WiredTiger message","attr":{"message":"[1639240986:574130][68468:140718195237232], WT_SESSION.checkpoint: [WT_VERB_CHECKPOINT_PROGRESS] saving checkpoint snapshot min: 833, snapshot max: 833 snapshot count: 0, oldest timestamp: (1639240684, 1) , meta checkpoint timestamp: (1639240984, 1) base write gen: 331"}}
{"t":{"$date":"2021-12-11T23:44:06.586+07:00"},"s":"I",  "c":"STORAGE",  "id":22430,   "ctx":"Checkpointer","msg":"WiredTiger message","attr":{"message":"[1639241046:586083][68468:140718195237232], WT_SESSION.checkpoint: [WT_VERB_CHECKPOINT_PROGRESS] saving checkpoint snapshot min: 866, snapshot max: 866 snapshot count: 0, oldest timestamp: (1639240744, 1) , meta checkpoint timestamp: (1639241044, 1) base write gen: 331"}}
{"t":{"$date":"2021-12-11T23:45:06.600+07:00"},"s":"I",  "c":"STORAGE",  "id":22430,   "ctx":"Checkpointer","msg":"WiredTiger message","attr":{"message":"[1639241106:600083][68468:140718195237232], WT_SESSION.checkpoint: [WT_VERB_CHECKPOINT_PROGRESS] saving checkpoint snapshot min: 899, snapshot max: 899 snapshot count: 0, oldest timestamp: (1639240804, 1) , meta checkpoint timestamp: (1639241104, 1) base write gen: 331"}}
{"t":{"$date":"2021-12-11T23:46:06.617+07:00"},"s":"I",  "c":"STORAGE",  "id":22430,   "ctx":"Checkpointer","msg":"WiredTiger message","attr":{"message":"[1639241166:616348][68468:140718195237232], WT_SESSION.checkpoint: [WT_VERB_CHECKPOINT_PROGRESS] saving checkpoint snapshot min: 932, snapshot max: 932 snapshot count: 0, oldest timestamp: (1639240864, 1) , meta checkpoint timestamp: (1639241164, 1) base write gen: 331"}}
{"t":{"$date":"2021-12-11T23:47:06.630+07:00"},"s":"I",  "c":"STORAGE",  "id":22430,   "ctx":"Checkpointer","msg":"WiredTiger message","attr":{"message":"[1639241226:630347][68468:140718195237232], WT_SESSION.checkpoint: [WT_VERB_CHECKPOINT_PROGRESS] saving checkpoint snapshot min: 965, snapshot max: 965 snapshot count: 0, oldest timestamp: (1639240924, 1) , meta checkpoint timestamp: (1639241224, 1) base write gen: 331"}}
{"t":{"$date":"2021-12-11T23:48:06.643+07:00"},"s":"I",  "c":"STORAGE",  "id":22430,   "ctx":"Checkpointer","msg":"WiredTiger message","attr":{"message":"[1639241286:643287][68468:140718195237232], WT_SESSION.checkpoint: [WT_VERB_CHECKPOINT_PROGRESS] saving checkpoint snapshot min: 998, snapshot max: 998 snapshot count: 0, oldest timestamp: (1639240984, 1) , meta checkpoint timestamp: (1639241284, 1) base write gen: 331"}}
{"t":{"$date":"2021-12-11T23:49:06.657+07:00"},"s":"I",  "c":"STORAGE",  "id":22430,   "ctx":"Checkpointer","msg":"WiredTiger message","attr":{"message":"[1639241346:656776][68468:140718195237232], WT_SESSION.checkpoint: [WT_VERB_CHECKPOINT_PROGRESS] saving checkpoint snapshot min: 1031, snapshot max: 1031 snapshot count: 0, oldest timestamp: (1639241044, 1) , meta checkpoint timestamp: (1639241344, 1) base write gen: 331"}}
{"t":{"$date":"2021-12-11T23:50:06.671+07:00"},"s":"I",  "c":"STORAGE",  "id":22430,   "ctx":"Checkpointer","msg":"WiredTiger message","attr":{"message":"[1639241406:670719][68468:140718195237232], WT_SESSION.checkpoint: [WT_VERB_CHECKPOINT_PROGRESS] saving checkpoint snapshot min: 1064, snapshot max: 1064 snapshot count: 0, oldest timestamp: (1639241104, 1) , meta checkpoint timestamp: (1639241404, 1) base write gen: 331"}}
{"t":{"$date":"2021-12-11T23:51:06.685+07:00"},"s":"I",  "c":"STORAGE",  "id":22430,   "ctx":"Checkpointer","msg":"WiredTiger message","attr":{"message":"[1639241466:684259][68468:140718195237232], WT_SESSION.checkpoint: [WT_VERB_CHECKPOINT_PROGRESS] saving checkpoint snapshot min: 1097, snapshot max: 1097 snapshot count: 0, oldest timestamp: (1639241164, 1) , meta checkpoint timestamp: (1639241464, 1) base write gen: 331"}}
{"t":{"$date":"2021-12-11T23:51:22.838+07:00"},"s":"I",  "c":"-",        "id":4333222, "ctx":"ReplicaSetMonitor-TaskExecutor","msg":"RSM received error response","attr":{"host":"localhost:27019","error":"ShutdownInProgress{ remainingQuiesceTimeMillis: 15000 }: The server is in quiesce mode and will shut down","replicaSet":"cmpos","response":"{}"}}
{"t":{"$date":"2021-12-11T23:51:22.838+07:00"},"s":"I",  "c":"NETWORK",  "id":4712102, "ctx":"ReplicaSetMonitor-TaskExecutor","msg":"Host failed in replica set","attr":{"replicaSet":"cmpos","host":"localhost:27019","error":{"code":91,"codeName":"ShutdownInProgress","errmsg":"The server is in quiesce mode and will shut down","remainingQuiesceTimeMillis":15000},"action":{"dropConnections":false,"requestImmediateCheck":false}}}
{"t":{"$date":"2021-12-11T23:51:27.647+07:00"},"s":"I",  "c":"CONTROL",  "id":23373,   "ctx":"thread104","msg":"CTRL_CLOSE_EVENT signal"}
{"t":{"$date":"2021-12-11T23:51:27.647+07:00"},"s":"I",  "c":"CONTROL",  "id":23371,   "ctx":"consoleTerminate","msg":"Received event, will terminate after current command ends","attr":{"controlCode":"CTRL_CLOSE_EVENT"}}
{"t":{"$date":"2021-12-11T23:51:27.647+07:00"},"s":"I",  "c":"REPL",     "id":4784900, "ctx":"consoleTerminate","msg":"Stepping down the ReplicationCoordinator for shutdown","attr":{"waitTimeMillis":15000}}
{"t":{"$date":"2021-12-11T23:51:27.647+07:00"},"s":"I",  "c":"REPL",     "id":4794602, "ctx":"consoleTerminate","msg":"Attempting to enter quiesce mode"}
{"t":{"$date":"2021-12-11T23:51:27.647+07:00"},"s":"I",  "c":"REPL",     "id":4695102, "ctx":"consoleTerminate","msg":"Entering quiesce mode for shutdown","attr":{"quiesceTimeMillis":15000}}
{"t":{"$date":"2021-12-11T23:51:27.648+07:00"},"s":"I",  "c":"REPL",     "id":40447,   "ctx":"TopologyVersionObserver","msg":"Stopped TopologyVersionObserver"}
{"t":{"$date":"2021-12-11T23:51:27.648+07:00"},"s":"I",  "c":"-",        "id":4333222, "ctx":"ReplicaSetMonitor-TaskExecutor","msg":"RSM received error response","attr":{"host":"localhost:27020","error":"ShutdownInProgress{ remainingQuiesceTimeMillis: 15000 }: The server is in quiesce mode and will shut down","replicaSet":"cmpos","response":"{}"}}
{"t":{"$date":"2021-12-11T23:51:27.648+07:00"},"s":"I",  "c":"NETWORK",  "id":4712102, "ctx":"ReplicaSetMonitor-TaskExecutor","msg":"Host failed in replica set","attr":{"replicaSet":"cmpos","host":"localhost:27020","error":{"code":91,"codeName":"ShutdownInProgress","errmsg":"The server is in quiesce mode and will shut down","remainingQuiesceTimeMillis":15000},"action":{"dropConnections":false,"requestImmediateCheck":false}}}
{"t":{"$date":"2021-12-11T23:51:27.863+07:00"},"s":"I",  "c":"NETWORK",  "id":22944,   "ctx":"conn5","msg":"Connection ended","attr":{"remote":"127.0.0.1:54187","uuid":"aa02c303-d0b6-4b38-b39c-cd1f443dbadc","connectionId":5,"connectionCount":5}}
{"t":{"$date":"2021-12-11T23:51:27.864+07:00"},"s":"I",  "c":"NETWORK",  "id":22944,   "ctx":"conn10","msg":"Connection ended","attr":{"remote":"127.0.0.1:54196","uuid":"68d3598c-ac5b-4516-be5a-240d85a83471","connectionId":10,"connectionCount":4}}
{"t":{"$date":"2021-12-11T23:51:27.864+07:00"},"s":"I",  "c":"NETWORK",  "id":22944,   "ctx":"conn6","msg":"Connection ended","attr":{"remote":"127.0.0.1:54188","uuid":"b0584ade-3cc2-4522-acf7-ccf93cc5ade3","connectionId":6,"connectionCount":3}}
{"t":{"$date":"2021-12-11T23:51:27.865+07:00"},"s":"I",  "c":"REPL",     "id":21275,   "ctx":"ReplCoordExtern-0","msg":"Recreating cursor for oplog fetcher due to error","attr":{"lastOpTimeFetched":{"ts":{"$timestamp":{"t":1639241484,"i":1}},"t":3},"attemptsRemaining":1,"error":"HostUnreachable: Error while getting the next batch in the oplog fetcher :: caused by :: recv failed while exhausting cursor :: caused by :: Connection reset by peer"}}
{"t":{"$date":"2021-12-11T23:51:27.867+07:00"},"s":"I",  "c":"NETWORK",  "id":20120,   "ctx":"ReplCoordExtern-0","msg":"Trying to reconnect","attr":{"connString":"localhost:27019 failed"}}
{"t":{"$date":"2021-12-11T23:51:28.997+07:00"},"s":"W",  "c":"NETWORK",  "id":4615610, "ctx":"ReplCoord-7","msg":"Failed to check socket connectivity","attr":{"error":"The operation completed successfully."}}
{"t":{"$date":"2021-12-11T23:51:28.997+07:00"},"s":"I",  "c":"CONNPOOL", "id":22561,   "ctx":"ReplCoord-7","msg":"Dropping unhealthy pooled connection","attr":{"hostAndPort":"localhost:27019"}}
{"t":{"$date":"2021-12-11T23:51:28.997+07:00"},"s":"I",  "c":"CONNPOOL", "id":22576,   "ctx":"ReplNetwork","msg":"Connecting","attr":{"hostAndPort":"localhost:27019"}}
{"t":{"$date":"2021-12-11T23:51:29.357+07:00"},"s":"W",  "c":"NETWORK",  "id":4615610, "ctx":"ReplCoordExtern-2","msg":"Failed to check socket connectivity","attr":{"error":"The operation completed successfully."}}
{"t":{"$date":"2021-12-11T23:51:29.357+07:00"},"s":"I",  "c":"CONNPOOL", "id":22561,   "ctx":"ReplCoordExtern-2","msg":"Dropping unhealthy pooled connection","attr":{"hostAndPort":"localhost:27019"}}
{"t":{"$date":"2021-12-11T23:51:29.907+07:00"},"s":"I",  "c":"NETWORK",  "id":20121,   "ctx":"ReplCoordExtern-0","msg":"Reconnect attempt failed","attr":{"connString":"localhost:27019 failed","error":""}}
{"t":{"$date":"2021-12-11T23:51:29.907+07:00"},"s":"I",  "c":"NETWORK",  "id":20127,   "ctx":"ReplCoordExtern-0","msg":"DBClientCursor::init call() failed"}
{"t":{"$date":"2021-12-11T23:51:29.908+07:00"},"s":"I",  "c":"REPL",     "id":21274,   "ctx":"ReplCoordExtern-0","msg":"Error returned from oplog query (no more query restarts left)","attr":{"error":"SocketException: Error while getting the next batch in the oplog fetcher :: caused by :: socket exception [CONNECT_ERROR] server [couldn't connect to server localhost:27019, connection attempt failed: SocketException: Error connecting to localhost:27019 (127.0.0.1:27019) :: caused by :: No connection could be made because the target machine actively refused it.]"}}
{"t":{"$date":"2021-12-11T23:51:29.908+07:00"},"s":"W",  "c":"REPL",     "id":21122,   "ctx":"BackgroundSync","msg":"Oplog fetcher stopped querying remote oplog with error","attr":{"error":"SocketException: Error while getting the next batch in the oplog fetcher :: caused by :: socket exception [CONNECT_ERROR] server [couldn't connect to server localhost:27019, connection attempt failed: SocketException: Error connecting to localhost:27019 (127.0.0.1:27019) :: caused by :: No connection could be made because the target machine actively refused it.]"}}
{"t":{"$date":"2021-12-11T23:51:29.908+07:00"},"s":"I",  "c":"REPL",     "id":21080,   "ctx":"BackgroundSync","msg":"Clearing sync source to choose a new one","attr":{"syncSource":"localhost:27019"}}
{"t":{"$date":"2021-12-11T23:51:29.908+07:00"},"s":"I",  "c":"REPL",     "id":21798,   "ctx":"BackgroundSync","msg":"Could not find member to sync from"}
{"t":{"$date":"2021-12-11T23:51:31.008+07:00"},"s":"I",  "c":"CONNPOOL", "id":22576,   "ctx":"ReplNetwork","msg":"Connecting","attr":{"hostAndPort":"localhost:27019"}}
{"t":{"$date":"2021-12-11T23:51:31.387+07:00"},"s":"I",  "c":"REPL",     "id":21760,   "ctx":"SyncSourceFeedback","msg":"SyncSourceFeedback error sending update","attr":{"syncTarget":"localhost:27019","error":{"code":6,"codeName":"HostUnreachable","errmsg":"Error connecting to localhost:27019 (127.0.0.1:27019) :: caused by :: No connection could be made because the target machine actively refused it."}}}
{"t":{"$date":"2021-12-11T23:51:32.356+07:00"},"s":"I",  "c":"CONNPOOL", "id":22576,   "ctx":"ReplCoordExternNetwork","msg":"Connecting","attr":{"hostAndPort":"localhost:27019"}}
